<?xml version="1.0" encoding="UTF-8"?>
<!-- Generated by org.testng.reporters.JUnitReportReporter -->
<testsuite skipped="0" hostname="W10H40DZY2" name="ScriptPackage.InitScript" tests="1" failures="0" timestamp="2020-05-17T10:19:34 IST" time="19.365" errors="0">
  <testcase name="metho1" time="19.365" classname="ScriptPackage.InitScript"/>
  <system-out/>
</testsuite> <!-- ScriptPackage.InitScript -->
